<?xml version="1.0" encoding="UTF-8"?>
<testsuite xmlns:xsi="http://www.w3.org/2001/XMLSchema-instance" xsi:noNamespaceSchemaLocation="https://maven.apache.org/surefire/maven-surefire-plugin/xsd/surefire-test-report-3.0.xsd" version="3.0" name="restassured.RestAssuredImpl" time="3.125" tests="1" errors="0" skipped="0" failures="0">
  <properties>
[...]
</properties>
  <testcase name="Register" classname="restassured.RestAssuredImpl" time="2.625">
    <system-out><![CDATA[Request method:	POST
Request URI:	https://whitesmokehouse.com/webhook/api/register
Proxy:			<none>
Request params:	<none>
Query params:	<none>
Form params:	<none>
Path params:	<none>
Headers:		Accept=*/*
				Content-Type=application/json
Cookies:		<none>
Multiparts:		<none>
Body:
{
    "email": "testqa.wrc4@gmail.com",
    "full_name": "Test",
    "password": "@dmin123",
    "department": "Technology",
    "phone_number": "085611789000"
}
Response: {
    "id": "78",
    "email": "testqa.wrc4@gmail.com",
    "full_name": "Test",
    "department": "Technology",
    "phone_number": "085611789000",
    "create_at": "2025-05-18T13:08:36.261Z",
    "update_at": "2025-05-18T13:08:36.261Z"
}
]]></system-out>
    <system-err><![CDATA[SLF4J(W): No SLF4J providers were found.
SLF4J(W): Defaulting to no-operation (NOP) logger implementation
SLF4J(W): See https://www.slf4j.org/codes.html#noProviders for further details.
]]></system-err>
  </testcase>
</testsuite>