<?xml version="1.0" encoding="UTF-8"?>
<testng-results ignored="1" total="2" passed="1" failed="0" skipped="0">
  <reporter-output>
  </reporter-output>
  <suite started-at="2025-06-25T11:49:03 WIB" name="Surefire suite" finished-at="2025-06-25T11:49:07 WIB" duration-ms="4311">
    <groups>
    </groups>
    <test started-at="2025-06-25T11:49:03 WIB" name="Surefire test" finished-at="2025-06-25T11:49:07 WIB" duration-ms="4311">
      <class name="selenium.selenium_e2e.LoginScenario">
        <test-method is-config="true" signature="setup()[pri:0, instance:selenium.selenium_e2e.LoginScenario@d4dbb34]" started-at="2025-06-25T11:49:03 WIB" name="setup" finished-at="2025-06-25T11:49:06 WIB" duration-ms="3271" status="PASS">
          <reporter-output>
          </reporter-output>
        </test-method> <!-- setup -->
        <test-method signature="Logout()[pri:3, instance:selenium.selenium_e2e.LoginScenario@d4dbb34]" started-at="2025-06-25T11:49:06 WIB" name="Logout" finished-at="2025-06-25T11:49:07 WIB" duration-ms="927" status="PASS">
          <reporter-output>
          </reporter-output>
        </test-method> <!-- Logout -->
      </class> <!-- selenium.selenium_e2e.LoginScenario -->
    </test> <!-- Surefire test -->
  </suite> <!-- Surefire suite -->
</testng-results>
