<?xml version="1.0" encoding="UTF-8"?>
<testng-results ignored="0" total="10" passed="10" failed="0" skipped="0">
  <reporter-output>
  </reporter-output>
  <suite started-at="2025-06-09T20:25:57 WIB" name="CucumberSuite" finished-at="2025-06-09T20:26:10 WIB" duration-ms="12635">
    <groups>
      <group name="cucumber">
        <method signature="AbstractTestNGCucumberTests.runScenario(io.cucumber.testng.PickleWrapper,io.cucumber.testng.FeatureWrapper)[pri:0, instance:runners.TestRunner@9198fe3]" name="runScenario" class="io.cucumber.testng.AbstractTestNGCucumberTests"/>
      </group> <!-- cucumber -->
    </groups>
    <test started-at="2025-06-09T20:25:57 WIB" name="Cucumber" finished-at="2025-06-09T20:26:10 WIB" duration-ms="12635">
      <class name="runners.TestRunner">
        <test-method is-config="true" signature="setUpClass(org.testng.ITestContext)[pri:0, instance:runners.TestRunner@9198fe3]" started-at="2025-06-09T20:25:57 WIB" name="setUpClass" finished-at="2025-06-09T20:25:58 WIB" duration-ms="646" status="PASS">
          <params>
            <param index="0">
              <value>
                <![CDATA[org.testng.TestRunner@3cc9bde9]]>
              </value>
            </param>
          </params>
          <reporter-output>
          </reporter-output>
        </test-method> <!-- setUpClass -->
        <test-method signature="runScenario(io.cucumber.testng.PickleWrapper,io.cucumber.testng.FeatureWrapper)[pri:0, instance:runners.TestRunner@9198fe3]" started-at="2025-06-09T20:25:58 WIB" name="runScenario" description="Runs Cucumber Scenarios" data-provider="scenarios" finished-at="2025-06-09T20:26:01 WIB" duration-ms="3247" status="PASS">
          <params>
            <param index="0">
              <value>
                <![CDATA["Register using valid data"]]>
              </value>
            </param>
            <param index="1">
              <value>
                <![CDATA["API"]]>
              </value>
            </param>
          </params>
          <reporter-output>
          </reporter-output>
        </test-method> <!-- runScenario -->
        <test-method signature="runScenario(io.cucumber.testng.PickleWrapper,io.cucumber.testng.FeatureWrapper)[pri:0, instance:runners.TestRunner@9198fe3]" started-at="2025-06-09T20:26:01 WIB" name="runScenario" description="Runs Cucumber Scenarios" data-provider="scenarios" finished-at="2025-06-09T20:26:02 WIB" duration-ms="729" status="PASS">
          <params>
            <param index="0">
              <value>
                <![CDATA["Login using valid credentials"]]>
              </value>
            </param>
            <param index="1">
              <value>
                <![CDATA["API"]]>
              </value>
            </param>
          </params>
          <reporter-output>
          </reporter-output>
        </test-method> <!-- runScenario -->
        <test-method signature="runScenario(io.cucumber.testng.PickleWrapper,io.cucumber.testng.FeatureWrapper)[pri:0, instance:runners.TestRunner@9198fe3]" started-at="2025-06-09T20:26:02 WIB" name="runScenario" description="Runs Cucumber Scenarios" data-provider="scenarios" finished-at="2025-06-09T20:26:04 WIB" duration-ms="1682" status="PASS">
          <params>
            <param index="0">
              <value>
                <![CDATA["Create Object"]]>
              </value>
            </param>
            <param index="1">
              <value>
                <![CDATA["API"]]>
              </value>
            </param>
          </params>
          <reporter-output>
          </reporter-output>
        </test-method> <!-- runScenario -->
        <test-method signature="runScenario(io.cucumber.testng.PickleWrapper,io.cucumber.testng.FeatureWrapper)[pri:0, instance:runners.TestRunner@9198fe3]" started-at="2025-06-09T20:26:04 WIB" name="runScenario" description="Runs Cucumber Scenarios" data-provider="scenarios" finished-at="2025-06-09T20:26:05 WIB" duration-ms="1659" status="PASS">
          <params>
            <param index="0">
              <value>
                <![CDATA["Get All Object"]]>
              </value>
            </param>
            <param index="1">
              <value>
                <![CDATA["API"]]>
              </value>
            </param>
          </params>
          <reporter-output>
          </reporter-output>
        </test-method> <!-- runScenario -->
        <test-method signature="runScenario(io.cucumber.testng.PickleWrapper,io.cucumber.testng.FeatureWrapper)[pri:0, instance:runners.TestRunner@9198fe3]" started-at="2025-06-09T20:26:05 WIB" name="runScenario" description="Runs Cucumber Scenarios" data-provider="scenarios" finished-at="2025-06-09T20:26:06 WIB" duration-ms="778" status="PASS">
          <params>
            <param index="0">
              <value>
                <![CDATA["Get Single Object"]]>
              </value>
            </param>
            <param index="1">
              <value>
                <![CDATA["API"]]>
              </value>
            </param>
          </params>
          <reporter-output>
          </reporter-output>
        </test-method> <!-- runScenario -->
        <test-method signature="runScenario(io.cucumber.testng.PickleWrapper,io.cucumber.testng.FeatureWrapper)[pri:0, instance:runners.TestRunner@9198fe3]" started-at="2025-06-09T20:26:06 WIB" name="runScenario" description="Runs Cucumber Scenarios" data-provider="scenarios" finished-at="2025-06-09T20:26:07 WIB" duration-ms="650" status="PASS">
          <params>
            <param index="0">
              <value>
                <![CDATA["List Object By Id"]]>
              </value>
            </param>
            <param index="1">
              <value>
                <![CDATA["API"]]>
              </value>
            </param>
          </params>
          <reporter-output>
          </reporter-output>
        </test-method> <!-- runScenario -->
        <test-method signature="runScenario(io.cucumber.testng.PickleWrapper,io.cucumber.testng.FeatureWrapper)[pri:0, instance:runners.TestRunner@9198fe3]" started-at="2025-06-09T20:26:07 WIB" name="runScenario" description="Runs Cucumber Scenarios" data-provider="scenarios" finished-at="2025-06-09T20:26:08 WIB" duration-ms="812" status="PASS">
          <params>
            <param index="0">
              <value>
                <![CDATA["Update Object"]]>
              </value>
            </param>
            <param index="1">
              <value>
                <![CDATA["API"]]>
              </value>
            </param>
          </params>
          <reporter-output>
          </reporter-output>
        </test-method> <!-- runScenario -->
        <test-method signature="runScenario(io.cucumber.testng.PickleWrapper,io.cucumber.testng.FeatureWrapper)[pri:0, instance:runners.TestRunner@9198fe3]" started-at="2025-06-09T20:26:08 WIB" name="runScenario" description="Runs Cucumber Scenarios" data-provider="scenarios" finished-at="2025-06-09T20:26:08 WIB" duration-ms="753" status="PASS">
          <params>
            <param index="0">
              <value>
                <![CDATA["Partially Update Object"]]>
              </value>
            </param>
            <param index="1">
              <value>
                <![CDATA["API"]]>
              </value>
            </param>
          </params>
          <reporter-output>
          </reporter-output>
        </test-method> <!-- runScenario -->
        <test-method signature="runScenario(io.cucumber.testng.PickleWrapper,io.cucumber.testng.FeatureWrapper)[pri:0, instance:runners.TestRunner@9198fe3]" started-at="2025-06-09T20:26:08 WIB" name="runScenario" description="Runs Cucumber Scenarios" data-provider="scenarios" finished-at="2025-06-09T20:26:09 WIB" duration-ms="623" status="PASS">
          <params>
            <param index="0">
              <value>
                <![CDATA["Delete Object"]]>
              </value>
            </param>
            <param index="1">
              <value>
                <![CDATA["API"]]>
              </value>
            </param>
          </params>
          <reporter-output>
          </reporter-output>
        </test-method> <!-- runScenario -->
        <test-method signature="runScenario(io.cucumber.testng.PickleWrapper,io.cucumber.testng.FeatureWrapper)[pri:0, instance:runners.TestRunner@9198fe3]" started-at="2025-06-09T20:26:09 WIB" name="runScenario" description="Runs Cucumber Scenarios" data-provider="scenarios" finished-at="2025-06-09T20:26:10 WIB" duration-ms="720" status="PASS">
          <params>
            <param index="0">
              <value>
                <![CDATA["Department Object"]]>
              </value>
            </param>
            <param index="1">
              <value>
                <![CDATA["API"]]>
              </value>
            </param>
          </params>
          <reporter-output>
          </reporter-output>
        </test-method> <!-- runScenario -->
        <test-method is-config="true" signature="tearDownClass()[pri:0, instance:runners.TestRunner@9198fe3]" started-at="2025-06-09T20:26:10 WIB" name="tearDownClass" finished-at="2025-06-09T20:26:10 WIB" duration-ms="182" status="PASS">
          <reporter-output>
          </reporter-output>
        </test-method> <!-- tearDownClass -->
      </class> <!-- runners.TestRunner -->
    </test> <!-- Cucumber -->
  </suite> <!-- CucumberSuite -->
</testng-results>
