<?xml version="1.0" encoding="UTF-8"?>
<testsuite xmlns:xsi="http://www.w3.org/2001/XMLSchema-instance" xsi:noNamespaceSchemaLocation="https://maven.apache.org/surefire/maven-surefire-plugin/xsd/surefire-test-report.xsd" version="3.0.2" name="TestSuite" time="13.455" tests="10" errors="0" skipped="0" failures="0">
  <properties>
[...]
</properties>
  <testcase name="runScenario[&quot;Register using valid data&quot;, &quot;API&quot;](1)" classname="runners.TestRunner" time="3.248">
    <system-out><![CDATA[
Scenario: Register using valid data                                          # src/test/resources/features/API.feature:3
Request method:	POST
Request URI:	https://whitesmokehouse.com/webhook/api/register
Proxy:			<none>
Request params:	<none>
Query params:	<none>
Form params:	<none>
Path params:	<none>
Headers:		Accept=*/*
				Content-Type=application/json
Cookies:		<none>
Multiparts:		<none>
Body:
{
    "email": "testqa.wrc96@gmail.com",
    "full_name": "Test QA",
    "password": "@dmin123",
    "department": "Technology",
    "phone_number": "085611789000"
}
  When Send request to register with body:                                   # definitions.RefactorDefinition.send_request_register(java.lang.String)
    """
    	{
    		"email": "testqa.wrc96@gmail.com",
    		"full_name": "Test QA",
    		"password": "@dmin123",
    		"department": "Technology",
    		"phone_number": "085611789000"
    	}
    """
  Then The response code must be 200                                         # definitions.RefactorDefinition.validate_status_code(int)
  And The response schema should be match with schema "register-schema.json" # definitions.RefactorDefinition.schema_validation(java.lang.String)
  And The Id is not null                                                     # definitions.RefactorDefinition.validate_id_is_not_null()
  And The email should equal "testqa.wrc96@gmail.com"                        # definitions.RefactorDefinition.validate_email(java.lang.String)
  And The full_name should equal "Test QA"                                   # definitions.RefactorDefinition.validate_full_name(java.lang.String)
  And The department should equal "Technology"                               # definitions.RefactorDefinition.validate_department(java.lang.String)
  And The phone_number should equal "085611789000"                           # definitions.RefactorDefinition.validate_phone_number(java.lang.String)
]]></system-out>
    <system-err><![CDATA[SLF4J(W): No SLF4J providers were found.
SLF4J(W): Defaulting to no-operation (NOP) logger implementation
SLF4J(W): See https://www.slf4j.org/codes.html#noProviders for further details.
]]></system-err>
  </testcase>
  <testcase name="runScenario[&quot;Login using valid credentials&quot;, &quot;API&quot;](2)" classname="runners.TestRunner" time="0.728">
    <system-out><![CDATA[
Scenario: Login using valid credentials                     # src/test/resources/features/API.feature:22
Request method:	POST
Request URI:	https://whitesmokehouse.com/webhook/api/login
Proxy:			<none>
Request params:	<none>
Query params:	<none>
Form params:	<none>
Path params:	<none>
Headers:		Accept=*/*
				Content-Type=application/json
Cookies:		<none>
Multiparts:		<none>
Body:
{
    "email": "trisniy097@gmail.com",
    "password": "@dmin123"
}
  When Send request to login with body:                     # definitions.RefactorDefinition.send_request_login(java.lang.String)
    """
        {
            "email": "trisniy097@gmail.com",
            "password": "@dmin123"
        }
    """
  Then The response code must be 200                        # definitions.RefactorDefinition.validate_status_code(int)
Token: eyJhbGciOiJIUzI1NiIsInR5cCI6IkpXVCJ9.eyJpZCI6IjMiLCJpYXQiOjE3NDk0NzU1NjJ9.Rq9QvomuBivw3P5poEl8lgyCnDv426bSbzGSM-ZUeNs
  And Save the token from the response to the local storage # definitions.RefactorDefinition.save_token()
]]></system-out>
  </testcase>
  <testcase name="runScenario[&quot;Create Object&quot;, &quot;API&quot;](3)" classname="runners.TestRunner" time="1.682">
    <system-out><![CDATA[
Scenario: Create Object                                                # src/test/resources/features/API.feature:33
  Given Have token on the local storage                                # definitions.RefactorDefinition.assert_token_in_variable()
Request method:	POST
Request URI:	https://whitesmokehouse.com/webhook/api/objects
Proxy:			<none>
Request params:	<none>
Query params:	<none>
Form params:	<none>
Path params:	<none>
Headers:		Authorization=Bearer eyJhbGciOiJIUzI1NiIsInR5cCI6IkpXVCJ9.eyJpZCI6IjMiLCJpYXQiOjE3NDk0NzU1NjJ9.Rq9QvomuBivw3P5poEl8lgyCnDv426bSbzGSM-ZUeNs
				Accept=*/*
				Content-Type=application/json
Cookies:		<none>
Multiparts:		<none>
Body:
{
    "name": "Lenovo K14",
    "data": {
        "year": 2024,
        "price": 1849.99,
        "cpu_model": "Intel Core i9",
        "hard_disk_size": "1 TB",
        "capacity": "2 cpu",
        "screen_size": "14 inch",
        "color": "black"
    }
}
  When Send request to create object with body:                        # definitions.RefactorDefinition.send_request_create_object(java.lang.String)
    """
    {
        "name": "Lenovo K14",
        "data": {
            "year": 2024,
            "price": 1849.99,
            "cpu_model": "Intel Core i9",
            "hard_disk_size": "1 TB",
            "capacity": "2 cpu",
            "screen_size": "14 inch",
            "color": "black"
        }
    }
    """
  Then The response code must be 200                                   # definitions.RefactorDefinition.validate_status_code(int)
idObject saved: 1210
  And The idObject is not null                                         # definitions.RefactorDefinition.validate_idObject()
idObject saved: 1210
  And Save the idObject from the response to the local storage         # definitions.RefactorDefinition.save_idObject()
  And The name from the create response should be "Lenovo K14"         # definitions.RefactorDefinition.validate_name(java.lang.String)
  And The year from the create response should be 2024                 # definitions.RefactorDefinition.validate_year(int)
  And The price from the create response should be 1849.99             # definitions.RefactorDefinition.validate_price(double)
  And The cpu_model from the create response should be "Intel Core i9" # definitions.RefactorDefinition.validate_CPUModel(java.lang.String)
  And The hard_disk_size from the create response should be "1 TB"     # definitions.RefactorDefinition.validate_HDSize(java.lang.String)
  And The capacity from the create response should be "2 cpu"          # definitions.RefactorDefinition.validate_capacity(java.lang.String)
  And The screen_size from the create response should be "14 inch"     # definitions.RefactorDefinition.validate_screenSize(java.lang.String)
  And The color from the create response should be "black"             # definitions.RefactorDefinition.validate_color(java.lang.String)
]]></system-out>
  </testcase>
  <testcase name="runScenario[&quot;Get All Object&quot;, &quot;API&quot;](4)" classname="runners.TestRunner" time="1.66">
    <system-out><![CDATA[
Scenario: Get All Object                # src/test/resources/features/API.feature:62
  Given Have token on the local storage # definitions.RefactorDefinition.assert_token_in_variable()
Request method:	GET
Request URI:	https://whitesmokehouse.com/webhook/api/objects
Proxy:			<none>
Request params:	<none>
Query params:	<none>
Form params:	<none>
Path params:	<none>
Headers:		Authorization=Bearer eyJhbGciOiJIUzI1NiIsInR5cCI6IkpXVCJ9.eyJpZCI6IjMiLCJpYXQiOjE3NDk0NzU1NjJ9.Rq9QvomuBivw3P5poEl8lgyCnDv426bSbzGSM-ZUeNs
				Accept=*/*
				Content-Type=application/json
Cookies:		<none>
Multiparts:		<none>
Body:			<none>
  When Send request to get all object   # definitions.RefactorDefinition.send_request_get_all_object()
  Then The response code must be 200    # definitions.RefactorDefinition.validate_status_code(int)
]]></system-out>
  </testcase>
  <testcase name="runScenario[&quot;Get Single Object&quot;, &quot;API&quot;](5)" classname="runners.TestRunner" time="0.778">
    <system-out><![CDATA[
Scenario: Get Single Object                                                   # src/test/resources/features/API.feature:67
  Given Have token on the local storage                                       # definitions.RefactorDefinition.assert_token_in_variable()
Request method:	GET
Request URI:	https://whitesmokehouse.com/webhook/8749129e-f5f7-4ae6-9b03-93be7252443c/api/objects/1210
Proxy:			<none>
Request params:	<none>
Query params:	<none>
Form params:	<none>
Path params:	<none>
Headers:		Authorization=Bearer eyJhbGciOiJIUzI1NiIsInR5cCI6IkpXVCJ9.eyJpZCI6IjMiLCJpYXQiOjE3NDk0NzU1NjJ9.Rq9QvomuBivw3P5poEl8lgyCnDv426bSbzGSM-ZUeNs
				Accept=*/*
				Content-Type=application/json
Cookies:		<none>
Multiparts:		<none>
Body:			<none>
  When Send request to get single object                                      # definitions.RefactorDefinition.send_request_single_object()
  Then The response code must be 200                                          # definitions.RefactorDefinition.validate_status_code(int)
idObject saved: 1210
  And The idObject is not null                                                # definitions.RefactorDefinition.validate_idObject()
  And The name from the single-object response should be "Lenovo K14"         # definitions.RefactorDefinition.validate_singleName(java.lang.String)
  And The year from the single-object response should be "2024"               # definitions.RefactorDefinition.validate_singleYear(java.lang.String)
  And The price from the single-object response should be "1849.99"           # definitions.RefactorDefinition.validate_singlePrice(java.lang.String)
  And The cpu_model from the single-object response should be "Intel Core i9" # definitions.RefactorDefinition.validate_singleCPUModel(java.lang.String)
  And The hard_disk_size from the single-object response should be "1 TB"     # definitions.RefactorDefinition.validate_singleHDSize(java.lang.String)
  And The capacity from the single-object response should be 2                # definitions.RefactorDefinition.validate_singleCapacity(int)
  And The screen_size from the single-object response should be 14            # definitions.RefactorDefinition.validate_singleScreenSize(int)
  And The color from the single-object response should be "black"             # definitions.RefactorDefinition.validate_singleColor(java.lang.String)
]]></system-out>
  </testcase>
  <testcase name="runScenario[&quot;List Object By Id&quot;, &quot;API&quot;](6)" classname="runners.TestRunner" time="0.651">
    <system-out><![CDATA[
Scenario: List Object By Id                  # src/test/resources/features/API.feature:81
  Given Have token on the local storage      # definitions.RefactorDefinition.assert_token_in_variable()
Request method:	GET
Request URI:	https://whitesmokehouse.com/webhook/api/objectslistId?id=1210
Proxy:			<none>
Request params:	<none>
Query params:	<none>
Form params:	<none>
Path params:	<none>
Headers:		Authorization=Bearer eyJhbGciOiJIUzI1NiIsInR5cCI6IkpXVCJ9.eyJpZCI6IjMiLCJpYXQiOjE3NDk0NzU1NjJ9.Rq9QvomuBivw3P5poEl8lgyCnDv426bSbzGSM-ZUeNs
				Accept=*/*
				Content-Type=application/json
Cookies:		<none>
Multiparts:		<none>
Body:			<none>
  When Send request to get list object by id # definitions.RefactorDefinition.send_request_list_object_by_id()
  Then The response code must be 200         # definitions.RefactorDefinition.validate_status_code(int)
]]></system-out>
  </testcase>
  <testcase name="runScenario[&quot;Update Object&quot;, &quot;API&quot;](7)" classname="runners.TestRunner" time="0.811">
    <system-out><![CDATA[
Scenario: Update Object                                                # src/test/resources/features/API.feature:86
  Given Have token on the local storage                                # definitions.RefactorDefinition.assert_token_in_variable()
Request method:	PUT
Request URI:	https://whitesmokehouse.com/webhook/37777abe-a5ef-4570-a383-c99b5f5f7906/api/objects/1210
Proxy:			<none>
Request params:	<none>
Query params:	<none>
Form params:	<none>
Path params:	<none>
Headers:		Authorization=Bearer eyJhbGciOiJIUzI1NiIsInR5cCI6IkpXVCJ9.eyJpZCI6IjMiLCJpYXQiOjE3NDk0NzU1NjJ9.Rq9QvomuBivw3P5poEl8lgyCnDv426bSbzGSM-ZUeNs
				Accept=*/*
				Content-Type=application/json
Cookies:		<none>
Multiparts:		<none>
Body:
{
    "name": "Lenovo Yoga",
    "data": {
        "year": "2025",
        "price": "1999.99",
        "cpu_model": "Intel Core i8",
        "hard_disk_size": "2 TB",
        "color": "gray",
        "capacity": "4",
        "screen_size": "12"
    }
}
  When Send request to update object with body:                        # definitions.RefactorDefinition.send_request_update_object(java.lang.String)
    """
    {
        "name": "Lenovo Yoga",
        "data": {
                "year": "2025",
                "price": "1999.99",
                "cpu_model": "Intel Core i8",
                "hard_disk_size": "2 TB",
                "color": "gray",
                "capacity": "4",
                "screen_size": "12"
            }
    }
    """
  Then The response code must be 200                                   # definitions.RefactorDefinition.validate_status_code(int)
idObject saved: 1210
  And The idObject is not null                                         # definitions.RefactorDefinition.validate_idObject()
  And The name from the update response should be "Lenovo Yoga"        # definitions.RefactorDefinition.validate_updateName(java.lang.String)
  And The year from the update response should be 2025                 # definitions.RefactorDefinition.validate_updateYear(int)
  And The price from the update response should be 1999.99             # definitions.RefactorDefinition.validate_updatePrice(double)
  And The cpu_model from the update response should be "Intel Core i8" # definitions.RefactorDefinition.validate_updateCPUModel(java.lang.String)
  And The hard_disk_size from the update response should be "2 TB"     # definitions.RefactorDefinition.validate_updateHDSize(java.lang.String)
  And The capacity from the update response should be "4"              # definitions.RefactorDefinition.validate_updateCapacity(java.lang.String)
  And The screen_size from the update response should be "12"          # definitions.RefactorDefinition.validate_updateScreenSize(java.lang.String)
  And The color from the update response should be "gray"              # definitions.RefactorDefinition.validate_updateColor(java.lang.String)
]]></system-out>
  </testcase>
  <testcase name="runScenario[&quot;Partially Update Object&quot;, &quot;API&quot;](8)" classname="runners.TestRunner" time="0.753">
    <system-out><![CDATA[
Scenario: Partially Update Object                                            # src/test/resources/features/API.feature:115
  Given Have token on the local storage                                      # definitions.RefactorDefinition.assert_token_in_variable()
Request method:	PATCH
Request URI:	https://whitesmokehouse.com/webhook/39a0f904-b0f2-4428-80a3-391cea5d7d04/api/object/1210
Proxy:			<none>
Request params:	<none>
Query params:	<none>
Form params:	<none>
Path params:	<none>
Headers:		Authorization=Bearer eyJhbGciOiJIUzI1NiIsInR5cCI6IkpXVCJ9.eyJpZCI6IjMiLCJpYXQiOjE3NDk0NzU1NjJ9.Rq9QvomuBivw3P5poEl8lgyCnDv426bSbzGSM-ZUeNs
				Accept=*/*
				Content-Type=application/json
Cookies:		<none>
Multiparts:		<none>
Body:
{
    "name": "Lenovo Ideapad",
    "year": "2027",
    "color": "white"
}
  When Send request to partially update object with body:                    # definitions.RefactorDefinition.send_request_partially_update_object(java.lang.String)
    """
    {
        "name": "Lenovo Ideapad",
        "year": "2027",
        "color": "white"
    }
    """
  Then The response code must be 200                                         # definitions.RefactorDefinition.validate_status_code(int)
idObject saved: 1210
  And The idObject is not null                                               # definitions.RefactorDefinition.validate_idObject()
Actual name from response: Lenovo Ideapad
  And The name from the partially update response should be "Lenovo Ideapad" # definitions.RefactorDefinition.validate_partiallyUpdateName(java.lang.String)
  And The year from the partially update response should be "2027"           # definitions.RefactorDefinition.validate_partiallyUpdateYear(java.lang.String)
  And The color from the partially update response should be "white"         # definitions.RefactorDefinition.validate_partiallyUpdateColor(java.lang.String)
]]></system-out>
  </testcase>
  <testcase name="runScenario[&quot;Delete Object&quot;, &quot;API&quot;](9)" classname="runners.TestRunner" time="0.623">
    <system-out><![CDATA[
Scenario: Delete Object                 # src/test/resources/features/API.feature:132
  Given Have token on the local storage # definitions.RefactorDefinition.assert_token_in_variable()
Request method:	DELETE
Request URI:	https://whitesmokehouse.com/webhook/d79a30ed-1066-48b6-83f5-556120afc46f/api/objects/1210
Proxy:			<none>
Request params:	<none>
Query params:	<none>
Form params:	<none>
Path params:	<none>
Headers:		Authorization=Bearer eyJhbGciOiJIUzI1NiIsInR5cCI6IkpXVCJ9.eyJpZCI6IjMiLCJpYXQiOjE3NDk0NzU1NjJ9.Rq9QvomuBivw3P5poEl8lgyCnDv426bSbzGSM-ZUeNs
				Accept=*/*
				Content-Type=application/json
Cookies:		<none>
Multiparts:		<none>
Body:			<none>
  When Send request to delete object    # definitions.RefactorDefinition.send_request_delete_object()
  Then The response code must be 200    # definitions.RefactorDefinition.validate_status_code(int)
]]></system-out>
  </testcase>
  <testcase name="runScenario[&quot;Department Object&quot;, &quot;API&quot;](10)" classname="runners.TestRunner" time="0.72">
    <system-out><![CDATA[
Scenario: Department Object               # src/test/resources/features/API.feature:137
  Given Have token on the local storage   # definitions.RefactorDefinition.assert_token_in_variable()
Request method:	GET
Request URI:	https://whitesmokehouse.com/webhook/api/department
Proxy:			<none>
Request params:	<none>
Query params:	<none>
Form params:	<none>
Path params:	<none>
Headers:		Authorization=Bearer eyJhbGciOiJIUzI1NiIsInR5cCI6IkpXVCJ9.eyJpZCI6IjMiLCJpYXQiOjE3NDk0NzU1NjJ9.Rq9QvomuBivw3P5poEl8lgyCnDv426bSbzGSM-ZUeNs
				Accept=*/*
				Content-Type=application/json
Cookies:		<none>
Multiparts:		<none>
Body:			<none>
  When Send request to get all department # definitions.RefactorDefinition.send_request_get_all_department()
  Then The response code must be 200      # definitions.RefactorDefinition.validate_status_code(int)
]]></system-out>
  </testcase>
</testsuite>