<?xml version="1.0" encoding="UTF-8"?>
<!-- Generated by org.testng.reporters.JUnitXMLReporter -->
<testsuite ignored="1" hostname="IA-BTM-L064" failures="0" tests="1" name="Surefire test" time="4.311" errors="0" timestamp="2025-06-25T11:49:07 WIB">
  <testcase classname="selenium.selenium_e2e.LoginScenario" name="Logout" time="0.927"/>
  <testcase classname="selenium.selenium_e2e.LoginScenario" name="loginWithValidCredentials" time="0.0">
    <ignored/>
  </testcase> <!-- loginWithValidCredentials -->
</testsuite> <!-- Surefire test -->
