<?xml version="1.0" encoding="UTF-8"?>
<!-- Generated by org.testng.reporters.JUnitXMLReporter -->
<testsuite ignored="0" hostname="IA-BTM-L064" failures="1" tests="1" name="Surefire test" time="4.012" errors="0" timestamp="2025-05-25T17:06:08 WIB">
  <testcase classname="pojo.PojoE2EImpl" name="createNewObject" time="0.765">
    <failure type="java.lang.AssertionError" message="expected [2024] but found [2024]">
      <![CDATA[java.lang.AssertionError: expected [2024] but found [2024]
at pojo.PojoE2EImpl.createNewObject(PojoE2EImpl.java:184)
at java.base/java.util.ArrayList.forEach(ArrayList.java:1604)
... Removed 35 stack frames]]>
    </failure>
  </testcase> <!-- createNewObject -->
</testsuite> <!-- Surefire test -->
